<?xml version="1.0" encoding="UTF-8"?>
<testng-results ignored="0" total="1" passed="1" failed="0" skipped="0">
  <reporter-output>
  </reporter-output>
  <suite started-at="2023-10-19T22:43:15 IST" name="Default suite" finished-at="2023-10-19T22:43:44 IST" duration-ms="28748">
    <groups>
    </groups>
    <test started-at="2023-10-19T22:43:15 IST" name="Default test" finished-at="2023-10-19T22:43:44 IST" duration-ms="28748">
      <class name="orangehrm.Orange">
        <test-method signature="LoadPage()[pri:0, instance:orangehrm.Orange@2892dae4]" started-at="2023-10-19T22:43:15 IST" name="LoadPage" finished-at="2023-10-19T22:43:44 IST" duration-ms="28679" status="PASS">
          <reporter-output>
          </reporter-output>
        </test-method> <!-- LoadPage -->
      </class> <!-- orangehrm.Orange -->
    </test> <!-- Default test -->
  </suite> <!-- Default suite -->
</testng-results>
